[0.040s] Invoking command in '/home/sergiorobsar/new_workspace/src/pruebaNav/build/navigate_bt': CMAKE_PREFIX_PATH=${CMAKE_PREFIX_PATH}:/home/sergiorobsar/new_workspace/install/joy_teleop:/home/sergiorobsar/new_workspace/install/rosidl_pycommon:/home/sergiorobsar/new_workspace/install/rosidl_cli:/home/sergiorobsar/new_workspace/install/mouse_teleop:/home/sergiorobsar/new_workspace/install/launch_pal:/home/sergiorobsar/new_workspace/install/key_teleop:/home/sergiorobsar/new_workspace/install/dialogflow_ros2:/home/sergiorobsar/new_workspace/install/br2_fsm_bumpgo_py:/opt/ros/humble /usr/bin/cmake --build /home/sergiorobsar/new_workspace/src/pruebaNav/build/navigate_bt -- -j4 -l4
[0.172s] [35m[1mConsolidate compiler generated dependencies of target request_name[0m
[0.209s] [ 50%] Built target navigate_main
[0.241s] [ 75%] [32mBuilding CXX object CMakeFiles/request_name.dir/src/navigate_bt/RequestName.cpp.o[0m
[7.549s] In file included from [01m[K/home/sergiorobsar/new_workspace/src/pruebaNav/navigate_bt/src/navigate_bt/RequestName.cpp:4[m[K:
[7.549s] [01m[K/home/sergiorobsar/new_workspace/src/pruebaNav/navigate_bt/include/navigate_bt/RequestName.hpp:[m[K In static member function â€˜[01m[Kstatic BT::PortsList navigate_bt::RequestName::providedPorts()[m[Kâ€™:
[7.549s] [01m[K/home/sergiorobsar/new_workspace/src/pruebaNav/navigate_bt/include/navigate_bt/RequestName.hpp:30:44:[m[K [01;31m[Kerror: [m[Kexpected â€˜[01m[K}[m[Kâ€™ before â€˜[01m[K;[m[Kâ€™ token
[7.550s]    30 |       BT::OutputPort<std::string>("nameID")[01;31m[K;[m[K
[7.550s]       |                                            [01;31m[K^[m[K
[7.550s] [01m[K/home/sergiorobsar/new_workspace/src/pruebaNav/navigate_bt/include/navigate_bt/RequestName.hpp:29:11:[m[K [01;36m[Knote: [m[Kto match this â€˜[01m[K{[m[Kâ€™
[7.550s]    29 |     return[01;36m[K{[m[K
[7.550s]       |           [01;36m[K^[m[K
[7.551s] [01m[K/home/sergiorobsar/new_workspace/src/pruebaNav/navigate_bt/src/navigate_bt/RequestName.cpp:[m[K At global scope:
[7.551s] [01m[K/home/sergiorobsar/new_workspace/src/pruebaNav/navigate_bt/src/navigate_bt/RequestName.cpp:17:12:[m[K [01;31m[Kerror: [m[Kfound â€˜[01m[K:[m[Kâ€™ in nested-name-specifier, expected â€˜[01m[K::[m[Kâ€™
[7.551s]    17 | RequestName[01;31m[K:[m[KRequestName(
[7.551s]       |            [01;31m[K^[m[K
[7.551s]       |            [32m[K::[m[K
[7.552s] [01m[K/home/sergiorobsar/new_workspace/src/pruebaNav/navigate_bt/src/navigate_bt/RequestName.cpp:[m[K In constructor â€˜[01m[Knavigate_bt::RequestName::RequestName(const string&, const BT::NodeConfiguration&)[m[Kâ€™:
[7.552s] [01m[K/home/sergiorobsar/new_workspace/src/pruebaNav/navigate_bt/src/navigate_bt/RequestName.cpp:23:29:[m[K [01;31m[Kerror: [m[Kâ€˜[01m[KnoIntentCB[m[Kâ€™ is not a member of â€˜[01m[Knavigate_bt::RequestName[m[Kâ€™
[7.552s]    23 |     std::bind(&RequestName::[01;31m[KnoIntentCB[m[K, this, _1))
[7.552s]       |                             [01;31m[K^~~~~~~~~~[m[K
[7.560s] [01m[K/home/sergiorobsar/new_workspace/src/pruebaNav/navigate_bt/src/navigate_bt/RequestName.cpp:[m[K In function â€˜[01m[Kvoid navigate_bt::RequestNameCB(dialogflow_ros2_interfaces::msg::DialogflowResult)[m[Kâ€™:
[7.561s] [01m[K/home/sergiorobsar/new_workspace/src/pruebaNav/navigate_bt/src/navigate_bt/RequestName.cpp:32:5:[m[K [01;31m[Kerror: [m[Kâ€˜[01m[Kname_[m[Kâ€™ was not declared in this scope
[7.561s]    32 |     [01;31m[Kname_[m[K =result.parameters[0].value[0];
[7.561s]       |     [01;31m[K^~~~~[m[K
[7.561s] [01m[K/home/sergiorobsar/new_workspace/src/pruebaNav/navigate_bt/src/navigate_bt/RequestName.cpp:[m[K At global scope:
[7.562s] [01m[K/home/sergiorobsar/new_workspace/src/pruebaNav/navigate_bt/src/navigate_bt/RequestName.cpp:35:1:[m[K [01;31m[Kerror: [m[KISO C++ forbids declaration of â€˜[01m[Khalt[m[Kâ€™ with no type [[01;31m[K]8;;https://gcc.gnu.org/onlinedocs/gcc/Warning-Options.html#index-fpermissive-fpermissive]8;;[m[K]
[7.562s]    35 | [01;31m[KRequestName[m[K::halt(){
[7.562s]       | [01;31m[K^~~~~~~~~~~[m[K
[7.563s] [01m[K/home/sergiorobsar/new_workspace/src/pruebaNav/navigate_bt/src/navigate_bt/RequestName.cpp:35:1:[m[K [01;31m[Kerror: [m[Kno declaration matches â€˜[01m[Kint navigate_bt::RequestName::halt()[m[Kâ€™
[7.563s] In file included from [01m[K/home/sergiorobsar/new_workspace/src/pruebaNav/navigate_bt/src/navigate_bt/RequestName.cpp:4[m[K:
[7.563s] [01m[K/home/sergiorobsar/new_workspace/src/pruebaNav/navigate_bt/include/navigate_bt/RequestName.hpp:24:8:[m[K [01;36m[Knote: [m[Kcandidate is: â€˜[01m[Kvirtual void navigate_bt::RequestName::halt()[m[Kâ€™
[7.563s]    24 |   void [01;36m[Khalt[m[K();
[7.564s]       |        [01;36m[K^~~~[m[K
[7.564s] [01m[K/home/sergiorobsar/new_workspace/src/pruebaNav/navigate_bt/include/navigate_bt/RequestName.hpp:14:7:[m[K [01;36m[Knote: [m[Kâ€˜[01m[Kclass navigate_bt::RequestName[m[Kâ€™ defined here
[7.564s]    14 | class [01;36m[KRequestName[m[K : public BT::ActionNodeBase
[7.564s]       |       [01;36m[K^~~~~~~~~~~[m[K
[7.564s] [01m[K/home/sergiorobsar/new_workspace/src/pruebaNav/navigate_bt/src/navigate_bt/RequestName.cpp:39:1:[m[K [01;31m[Kerror: [m[Kexpected constructor, destructor, or type conversion before â€˜[01m[K([m[Kâ€™ token
[7.564s]    39 | [01;31m[K([m[K
[7.565s]       | [01;31m[K^[m[K
[7.565s] [01m[K/home/sergiorobsar/new_workspace/src/pruebaNav/navigate_bt/src/navigate_bt/RequestName.cpp:44:20:[m[K [01;31m[Kerror: [m[Kexpected constructor, destructor, or type conversion before â€˜[01m[K([m[Kâ€™ token
[7.565s]    44 |   rclcpp::spin_some[01;31m[K([m[Kdialog_.get_node_base_interface());
[7.565s]       |                    [01;31m[K^[m[K
[7.565s] [01m[K/home/sergiorobsar/new_workspace/src/pruebaNav/navigate_bt/src/navigate_bt/RequestName.cpp:46:3:[m[K [01;31m[Kerror: [m[Kexpected unqualified-id before â€˜[01m[Kif[m[Kâ€™
[7.566s]    46 |   [01;31m[Kif[m[K(name_ == "" && node_->now() - start_time_ > 10s){
[7.566s]       |   [01;31m[K^~[m[K
[7.566s] [01m[K/home/sergiorobsar/new_workspace/src/pruebaNav/navigate_bt/src/navigate_bt/RequestName.cpp:52:3:[m[K [01;31m[Kerror: [m[Kexpected unqualified-id before â€˜[01m[Kif[m[Kâ€™
[7.566s]    52 |   [01;31m[Kif[m[K(node_->now() - start_time_  < 3s){
[7.566s]       |   [01;31m[K^~[m[K
[7.566s] [01m[K/home/sergiorobsar/new_workspace/src/pruebaNav/navigate_bt/src/navigate_bt/RequestName.cpp:56:3:[m[K [01;31m[Kerror: [m[Kexpected unqualified-id before â€˜[01m[Kif[m[Kâ€™
[7.567s]    56 |   [01;31m[Kif[m[K(!listening_){
[7.567s]       |   [01;31m[K^~[m[K
[7.567s] [01m[K/home/sergiorobsar/new_workspace/src/pruebaNav/navigate_bt/src/navigate_bt/RequestName.cpp:61:3:[m[K [01;31m[Kerror: [m[Kexpected unqualified-id before â€˜[01m[Kif[m[Kâ€™
[7.567s]    61 |   [01;31m[Kif[m[K(name_== ""){
[7.567s]       |   [01;31m[K^~[m[K
[7.568s] [01m[K/home/sergiorobsar/new_workspace/src/pruebaNav/navigate_bt/src/navigate_bt/RequestName.cpp:65:3:[m[K [01;31m[Kerror: [m[Kâ€˜[01m[Kdialog_[m[Kâ€™ does not name a type
[7.568s]    65 |   [01;31m[Kdialog_[m[K.speak("Hello "+ name_ + "Nice to meet you. You are really welcomed!");
[7.568s]       |   [01;31m[K^~~~~~~[m[K
[7.568s] [01m[K/home/sergiorobsar/new_workspace/src/pruebaNav/navigate_bt/src/navigate_bt/RequestName.cpp:67:12:[m[K [01;31m[Kerror: [m[Kexpected constructor, destructor, or type conversion before â€˜[01m[K([m[Kâ€™ token
[7.568s]    67 |   setOutput[01;31m[K([m[K"nameID",name_);
[7.568s]       |            [01;31m[K^[m[K
[7.571s] [01m[K/home/sergiorobsar/new_workspace/src/pruebaNav/navigate_bt/src/navigate_bt/RequestName.cpp:69:3:[m[K [01;31m[Kerror: [m[Kâ€˜[01m[Kname_[m[Kâ€™ does not name a type
[7.571s]    69 |   [01;31m[Kname_[m[K="";
[7.571s]       |   [01;31m[K^~~~~[m[K
[7.580s] [01m[K/home/sergiorobsar/new_workspace/src/pruebaNav/navigate_bt/src/navigate_bt/RequestName.cpp:70:3:[m[K [01;31m[Kerror: [m[Kâ€˜[01m[Klistening_[m[Kâ€™ does not name a type
[7.580s]    70 |   [01;31m[Klistening_[m[K = false;
[7.581s]       |   [01;31m[K^~~~~~~~~~[m[K
[7.581s] [01m[K/home/sergiorobsar/new_workspace/src/pruebaNav/navigate_bt/src/navigate_bt/RequestName.cpp:72:3:[m[K [01;31m[Kerror: [m[Kexpected unqualified-id before â€˜[01m[Kreturn[m[Kâ€™
[7.581s]    72 |   [01;31m[Kreturn[m[K BT::NodeStatus::SUCCESS;
[7.581s]       |   [01;31m[K^~~~~~[m[K
[7.581s] [01m[K/home/sergiorobsar/new_workspace/src/pruebaNav/navigate_bt/src/navigate_bt/RequestName.cpp:74:1:[m[K [01;31m[Kerror: [m[Kexpected unqualified-id before â€˜[01m[K)[m[Kâ€™ token
[7.581s]    74 | [01;31m[K)[m[K
[7.581s]       | [01;31m[K^[m[K
[9.244s] gmake[2]: *** [CMakeFiles/request_name.dir/build.make:76: CMakeFiles/request_name.dir/src/navigate_bt/RequestName.cpp.o] Error 1
[9.244s] gmake[1]: *** [CMakeFiles/Makefile2:139: CMakeFiles/request_name.dir/all] Error 2
[9.244s] gmake: *** [Makefile:146: all] Error 2
[9.247s] Invoked command in '/home/sergiorobsar/new_workspace/src/pruebaNav/build/navigate_bt' returned '2': CMAKE_PREFIX_PATH=${CMAKE_PREFIX_PATH}:/home/sergiorobsar/new_workspace/install/joy_teleop:/home/sergiorobsar/new_workspace/install/rosidl_pycommon:/home/sergiorobsar/new_workspace/install/rosidl_cli:/home/sergiorobsar/new_workspace/install/mouse_teleop:/home/sergiorobsar/new_workspace/install/launch_pal:/home/sergiorobsar/new_workspace/install/key_teleop:/home/sergiorobsar/new_workspace/install/dialogflow_ros2:/home/sergiorobsar/new_workspace/install/br2_fsm_bumpgo_py:/opt/ros/humble /usr/bin/cmake --build /home/sergiorobsar/new_workspace/src/pruebaNav/build/navigate_bt -- -j4 -l4
