[0.040s] Invoking command in '/home/sergiorobsar/new_workspace/src/pruebaNav/build/navigate_bt': CMAKE_PREFIX_PATH=${CMAKE_PREFIX_PATH}:/home/sergiorobsar/new_workspace/install/joy_teleop:/home/sergiorobsar/new_workspace/install/rosidl_pycommon:/home/sergiorobsar/new_workspace/install/rosidl_cli:/home/sergiorobsar/new_workspace/install/mouse_teleop:/home/sergiorobsar/new_workspace/install/launch_pal:/home/sergiorobsar/new_workspace/install/key_teleop:/home/sergiorobsar/new_workspace/install/dialogflow_ros2:/home/sergiorobsar/new_workspace/install/br2_fsm_bumpgo_py:/opt/ros/humble /usr/bin/cmake --build /home/sergiorobsar/new_workspace/src/pruebaNav/build/navigate_bt -- -j4 -l4
[0.160s] [35m[1mConsolidate compiler generated dependencies of target request_name[0m
[0.198s] [ 50%] Built target navigate_main
[0.222s] [ 75%] [32mBuilding CXX object CMakeFiles/request_name.dir/src/navigate_bt/RequestName.cpp.o[0m
[7.376s] [01m[K/home/sergiorobsar/new_workspace/src/pruebaNav/navigate_bt/src/navigate_bt/RequestName.cpp:[m[K In function â€˜[01m[Kvoid navigate_bt::RequestNameCB(dialogflow_ros2_interfaces::msg::DialogflowResult)[m[Kâ€™:
[7.376s] [01m[K/home/sergiorobsar/new_workspace/src/pruebaNav/navigate_bt/src/navigate_bt/RequestName.cpp:30:5:[m[K [01;31m[Kerror: [m[Kâ€˜[01m[Kname_[m[Kâ€™ was not declared in this scope
[7.376s]    30 |     [01;31m[Kname_[m[K =result.parameters[0].value[0];
[7.377s]       |     [01;31m[K^~~~~[m[K
[7.377s] [01m[K/home/sergiorobsar/new_workspace/src/pruebaNav/navigate_bt/src/navigate_bt/RequestName.cpp:[m[K At global scope:
[7.377s] [01m[K/home/sergiorobsar/new_workspace/src/pruebaNav/navigate_bt/src/navigate_bt/RequestName.cpp:33:1:[m[K [01;31m[Kerror: [m[KISO C++ forbids declaration of â€˜[01m[Khalt[m[Kâ€™ with no type [[01;31m[K]8;;https://gcc.gnu.org/onlinedocs/gcc/Warning-Options.html#index-fpermissive-fpermissive]8;;[m[K]
[7.377s]    33 | [01;31m[KRequestName[m[K::halt(){
[7.377s]       | [01;31m[K^~~~~~~~~~~[m[K
[7.377s] [01m[K/home/sergiorobsar/new_workspace/src/pruebaNav/navigate_bt/src/navigate_bt/RequestName.cpp:33:1:[m[K [01;31m[Kerror: [m[Kno declaration matches â€˜[01m[Kint navigate_bt::RequestName::halt()[m[Kâ€™
[7.378s] In file included from [01m[K/home/sergiorobsar/new_workspace/src/pruebaNav/navigate_bt/src/navigate_bt/RequestName.cpp:4[m[K:
[7.378s] [01m[K/home/sergiorobsar/new_workspace/src/pruebaNav/navigate_bt/include/navigate_bt/RequestName.hpp:24:8:[m[K [01;36m[Knote: [m[Kcandidate is: â€˜[01m[Kvirtual void navigate_bt::RequestName::halt()[m[Kâ€™
[7.378s]    24 |   void [01;36m[Khalt[m[K();
[7.378s]       |        [01;36m[K^~~~[m[K
[7.378s] [01m[K/home/sergiorobsar/new_workspace/src/pruebaNav/navigate_bt/include/navigate_bt/RequestName.hpp:14:7:[m[K [01;36m[Knote: [m[Kâ€˜[01m[Kclass navigate_bt::RequestName[m[Kâ€™ defined here
[7.379s]    14 | class [01;36m[KRequestName[m[K : public BT::ActionNodeBase
[7.379s]       |       [01;36m[K^~~~~~~~~~~[m[K
[7.379s] [01m[K/home/sergiorobsar/new_workspace/src/pruebaNav/navigate_bt/src/navigate_bt/RequestName.cpp:36:1:[m[K [01;31m[Kerror: [m[KISO C++ forbids declaration of â€˜[01m[Ktick[m[Kâ€™ with no type [[01;31m[K]8;;https://gcc.gnu.org/onlinedocs/gcc/Warning-Options.html#index-fpermissive-fpermissive]8;;[m[K]
[7.379s]    36 | [01;31m[KRequestName[m[K::tick()
[7.379s]       | [01;31m[K^~~~~~~~~~~[m[K
[7.380s] [01m[K/home/sergiorobsar/new_workspace/src/pruebaNav/navigate_bt/src/navigate_bt/RequestName.cpp:36:1:[m[K [01;31m[Kerror: [m[Kno declaration matches â€˜[01m[Kint navigate_bt::RequestName::tick()[m[Kâ€™
[7.381s] In file included from [01m[K/home/sergiorobsar/new_workspace/src/pruebaNav/navigate_bt/src/navigate_bt/RequestName.cpp:4[m[K:
[7.381s] [01m[K/home/sergiorobsar/new_workspace/src/pruebaNav/navigate_bt/include/navigate_bt/RequestName.hpp:25:18:[m[K [01;36m[Knote: [m[Kcandidate is: â€˜[01m[Kvirtual BT::NodeStatus navigate_bt::RequestName::tick()[m[Kâ€™
[7.381s]    25 |   BT::NodeStatus [01;36m[Ktick[m[K();
[7.382s]       |                  [01;36m[K^~~~[m[K
[7.382s] [01m[K/home/sergiorobsar/new_workspace/src/pruebaNav/navigate_bt/include/navigate_bt/RequestName.hpp:14:7:[m[K [01;36m[Knote: [m[Kâ€˜[01m[Kclass navigate_bt::RequestName[m[Kâ€™ defined here
[7.383s]    14 | class [01;36m[KRequestName[m[K : public BT::ActionNodeBase
[7.383s]       |       [01;36m[K^~~~~~~~~~~[m[K
[7.383s] [01m[K/home/sergiorobsar/new_workspace/src/pruebaNav/navigate_bt/src/navigate_bt/RequestName.cpp:79:2:[m[K [01;31m[Kerror: [m[Kexpected â€˜[01m[K}[m[Kâ€™ at end of input
[7.384s]    79 | }
[7.384s]       |  [01;31m[K^[m[K
[7.384s] [01m[K/home/sergiorobsar/new_workspace/src/pruebaNav/navigate_bt/src/navigate_bt/RequestName.cpp:15:1:[m[K [01;36m[Knote: [m[Kto match this â€˜[01m[K{[m[Kâ€™
[7.385s]    15 | [01;36m[K{[m[K
[7.386s]       | [01;36m[K^[m[K
[9.106s] gmake[2]: *** [CMakeFiles/request_name.dir/build.make:76: CMakeFiles/request_name.dir/src/navigate_bt/RequestName.cpp.o] Error 1
[9.106s] gmake[1]: *** [CMakeFiles/Makefile2:139: CMakeFiles/request_name.dir/all] Error 2
[9.107s] gmake: *** [Makefile:146: all] Error 2
[9.109s] Invoked command in '/home/sergiorobsar/new_workspace/src/pruebaNav/build/navigate_bt' returned '2': CMAKE_PREFIX_PATH=${CMAKE_PREFIX_PATH}:/home/sergiorobsar/new_workspace/install/joy_teleop:/home/sergiorobsar/new_workspace/install/rosidl_pycommon:/home/sergiorobsar/new_workspace/install/rosidl_cli:/home/sergiorobsar/new_workspace/install/mouse_teleop:/home/sergiorobsar/new_workspace/install/launch_pal:/home/sergiorobsar/new_workspace/install/key_teleop:/home/sergiorobsar/new_workspace/install/dialogflow_ros2:/home/sergiorobsar/new_workspace/install/br2_fsm_bumpgo_py:/opt/ros/humble /usr/bin/cmake --build /home/sergiorobsar/new_workspace/src/pruebaNav/build/navigate_bt -- -j4 -l4
