-- The C compiler identification is GNU 11.3.0
-- The CXX compiler identification is GNU 11.3.0
-- Detecting C compiler ABI info
-- Detecting C compiler ABI info - done
-- Check for working C compiler: /usr/bin/cc - skipped
-- Detecting C compile features
-- Detecting C compile features - done
-- Detecting CXX compiler ABI info
-- Detecting CXX compiler ABI info - done
-- Check for working CXX compiler: /usr/bin/c++ - skipped
-- Detecting CXX compile features
-- Detecting CXX compile features - done
-- Found ament_cmake: 1.3.3 (/opt/ros/humble/share/ament_cmake/cmake)
-- Found Python3: /usr/bin/python3.10 (found version "3.10.6") found components: Interpreter 
-- Override CMake install command with custom implementation using symlinks instead of copying resources
-- Found rclcpp: 16.0.3 (/opt/ros/humble/share/rclcpp/cmake)
-- Found rosidl_generator_c: 3.3.1 (/home/sergiorobsar/new_workspace/install/rosidl_generator_c/share/rosidl_generator_c/cmake)
-- Found rosidl_adapter: 3.3.1 (/home/sergiorobsar/new_workspace/install/rosidl_adapter/share/rosidl_adapter/cmake)
-- Found rosidl_generator_cpp: 3.3.1 (/home/sergiorobsar/new_workspace/install/rosidl_generator_cpp/share/rosidl_generator_cpp/cmake)
-- Using all available rosidl_typesupport_c: rosidl_typesupport_introspection_c;rosidl_typesupport_fastrtps_c
-- Using all available rosidl_typesupport_cpp: rosidl_typesupport_introspection_cpp;rosidl_typesupport_fastrtps_cpp
-- Found rmw_implementation_cmake: 6.1.1 (/opt/ros/humble/share/rmw_implementation_cmake/cmake)
-- Found rmw_fastrtps_cpp: 6.2.2 (/opt/ros/humble/share/rmw_fastrtps_cpp/cmake)
-- Found OpenSSL: /usr/lib/x86_64-linux-gnu/libcrypto.so (found version "3.0.2")  
-- Found FastRTPS: /opt/ros/humble/include  
-- Using RMW implementation 'rmw_fastrtps_cpp' as default
-- Looking for pthread.h
-- Looking for pthread.h - found
-- Performing Test CMAKE_HAVE_LIBC_PTHREAD
-- Performing Test CMAKE_HAVE_LIBC_PTHREAD - Success
-- Found Threads: TRUE  
-- Found rclcpp_action: 16.0.3 (/opt/ros/humble/share/rclcpp_action/cmake)
-- Found dialogflow_ros2_interfaces: 0.0.0 (/home/sergiorobsar/new_workspace/install/dialogflow_ros2_interfaces/share/dialogflow_ros2_interfaces/cmake)
-- Found gb_dialog: 0.0.1 (/home/sergiorobsar/new_workspace/install/gb_dialog/share/gb_dialog/cmake)
-- Found geometry_msgs: 4.2.3 (/opt/ros/humble/share/geometry_msgs/cmake)
-- Found nav2_msgs: 1.1.6 (/opt/ros/humble/share/nav2_msgs/cmake)
-- Found ZMQ: /usr/lib/x86_64-linux-gnu/libzmq.so  
-- ZeroMQ found.
-- Found ament_lint_auto: 0.12.5 (/opt/ros/humble/share/ament_lint_auto/cmake)
-- Added test 'copyright' to check source files copyright and LICENSE
-- Added test 'cppcheck' to perform static code analysis on C / C++ code
-- Configured cppcheck include dirs: /home/sergiorobsar/new_workspace/src/pruebaNav/navigate_bt/include
-- Configured cppcheck exclude dirs and/or files: 
-- Added test 'cpplint' to check C / C++ code against the Google style
-- Configured cpplint exclude dirs and/or files: 
-- Added test 'flake8' to check Python code syntax and style conventions
-- Added test 'lint_cmake' to check CMake code style
-- Added test 'pep257' to check Python code against some of the docstring style conventions in PEP 257
-- Added test 'uncrustify' to check C / C++ code style
-- Configured uncrustify additional arguments: 
-- Added test 'xmllint' to check XML markup files
-- Configuring done
-- Generating done
-- Build files have been written to: /home/sergiorobsar/new_workspace/src/pruebaNav/build/navigate_bt
[ 50%] [32mBuilding CXX object CMakeFiles/navigate_main.dir/src/navigate_main.cpp.o[0m
[ 50%] [32mBuilding CXX object CMakeFiles/request_name.dir/src/navigate_bt/RequestName.cpp.o[0m
[ 75%] [32m[1mLinking CXX executable navigate_main[0m
In file included from [01m[K/home/sergiorobsar/new_workspace/src/pruebaNav/navigate_bt/src/navigate_bt/RequestName.cpp:4[m[K:
[01m[K/home/sergiorobsar/new_workspace/src/pruebaNav/navigate_bt/include/navigate_bt/RequestName.hpp:24:22:[m[K [01;31m[Kerror: [m[Kâ€˜[01m[Kdialogflow_ros2_interfaces[m[Kâ€™ has not been declared
   24 |   void RequestNameCB([01;31m[Kdialogflow_ros2_interfaces[m[K::msg::DialogflowResult result);
      |                      [01;31m[K^~~~~~~~~~~~~~~~~~~~~~~~~~[m[K
[01m[K/home/sergiorobsar/new_workspace/src/pruebaNav/navigate_bt/include/navigate_bt/RequestName.hpp:24:72:[m[K [01;31m[Kerror: [m[Kexpected â€˜[01m[K,[m[Kâ€™ or â€˜[01m[K...[m[Kâ€™ before â€˜[01m[Kresult[m[Kâ€™
   24 |   void RequestNameCB(dialogflow_ros2_interfaces::msg::DialogflowResult [01;31m[Kresult[m[K);
      |                                                                        [01;31m[K^~~~~~[m[K
[01m[K/home/sergiorobsar/new_workspace/src/pruebaNav/navigate_bt/include/navigate_bt/RequestName.hpp:38:3:[m[K [01;31m[Kerror: [m[Kâ€˜[01m[Kgb_dialog[m[Kâ€™ does not name a type
   38 |   [01;31m[Kgb_dialog[m[K::DialogInterface dialog_;
      |   [01;31m[K^~~~~~~~~[m[K
[01m[K/home/sergiorobsar/new_workspace/src/pruebaNav/navigate_bt/include/navigate_bt/RequestName.hpp:[m[K In static member function â€˜[01m[Kstatic BT::PortsList navigate_bt::RequestName::providedPorts()[m[Kâ€™:
[01m[K/home/sergiorobsar/new_workspace/src/pruebaNav/navigate_bt/include/navigate_bt/RequestName.hpp:32:44:[m[K [01;31m[Kerror: [m[Kexpected â€˜[01m[K}[m[Kâ€™ before â€˜[01m[K;[m[Kâ€™ token
   32 |       BT::OutputPort<std::string>("nameID")[01;31m[K;[m[K
      |                                            [01;31m[K^[m[K
[01m[K/home/sergiorobsar/new_workspace/src/pruebaNav/navigate_bt/include/navigate_bt/RequestName.hpp:31:11:[m[K [01;36m[Knote: [m[Kto match this â€˜[01m[K{[m[Kâ€™
   31 |     return[01;36m[K{[m[K
      |           [01;36m[K^[m[K
[ 75%] Built target navigate_main
[01m[K/home/sergiorobsar/new_workspace/src/pruebaNav/navigate_bt/src/navigate_bt/RequestName.cpp:[m[K At global scope:
[01m[K/home/sergiorobsar/new_workspace/src/pruebaNav/navigate_bt/src/navigate_bt/RequestName.cpp:17:12:[m[K [01;31m[Kerror: [m[Kfound â€˜[01m[K:[m[Kâ€™ in nested-name-specifier, expected â€˜[01m[K::[m[Kâ€™
   17 | RequestName[01;31m[K:[m[KRequestName(
      |            [01;31m[K^[m[K
      |            [32m[K::[m[K
[01m[K/home/sergiorobsar/new_workspace/src/pruebaNav/navigate_bt/src/navigate_bt/RequestName.cpp:[m[K In constructor â€˜[01m[Knavigate_bt::RequestName::RequestName(const string&, const BT::NodeConfiguration&)[m[Kâ€™:
[01m[K/home/sergiorobsar/new_workspace/src/pruebaNav/navigate_bt/src/navigate_bt/RequestName.cpp:22:3:[m[K [01;31m[Kerror: [m[Kâ€˜[01m[Kdialog_[m[Kâ€™ was not declared in this scope; did you mean â€˜[01m[Kilogb[m[Kâ€™?
   22 |   [01;31m[Kdialog_[m[K.registerCallback(
      |   [01;31m[K^~~~~~~[m[K
      |   [32m[Kilogb[m[K
[01m[K/home/sergiorobsar/new_workspace/src/pruebaNav/navigate_bt/src/navigate_bt/RequestName.cpp:23:29:[m[K [01;31m[Kerror: [m[Kâ€˜[01m[KnoIntentCB[m[Kâ€™ is not a member of â€˜[01m[Knavigate_bt::RequestName[m[Kâ€™
   23 |     std::bind(&RequestName::[01;31m[KnoIntentCB[m[K, this, _1))
      |                             [01;31m[K^~~~~~~~~~[m[K
[01m[K/home/sergiorobsar/new_workspace/src/pruebaNav/navigate_bt/src/navigate_bt/RequestName.cpp:[m[K In function â€˜[01m[Kvoid navigate_bt::RequestNameCB(dialogflow_ros2_interfaces::msg::DialogflowResult)[m[Kâ€™:
[01m[K/home/sergiorobsar/new_workspace/src/pruebaNav/navigate_bt/src/navigate_bt/RequestName.cpp:32:5:[m[K [01;31m[Kerror: [m[Kâ€˜[01m[Kname_[m[Kâ€™ was not declared in this scope
   32 |     [01;31m[Kname_[m[K =result.parameters[0].value[0];
      |     [01;31m[K^~~~~[m[K
[01m[K/home/sergiorobsar/new_workspace/src/pruebaNav/navigate_bt/src/navigate_bt/RequestName.cpp:[m[K At global scope:
[01m[K/home/sergiorobsar/new_workspace/src/pruebaNav/navigate_bt/src/navigate_bt/RequestName.cpp:35:1:[m[K [01;31m[Kerror: [m[KISO C++ forbids declaration of â€˜[01m[Khalt[m[Kâ€™ with no type [[01;31m[K]8;;https://gcc.gnu.org/onlinedocs/gcc/Warning-Options.html#index-fpermissive-fpermissive]8;;[m[K]
   35 | [01;31m[KRequestName[m[K::halt(){
      | [01;31m[K^~~~~~~~~~~[m[K
[01m[K/home/sergiorobsar/new_workspace/src/pruebaNav/navigate_bt/src/navigate_bt/RequestName.cpp:35:1:[m[K [01;31m[Kerror: [m[Kno declaration matches â€˜[01m[Kint navigate_bt::RequestName::halt()[m[Kâ€™
In file included from [01m[K/home/sergiorobsar/new_workspace/src/pruebaNav/navigate_bt/src/navigate_bt/RequestName.cpp:4[m[K:
[01m[K/home/sergiorobsar/new_workspace/src/pruebaNav/navigate_bt/include/navigate_bt/RequestName.hpp:26:8:[m[K [01;36m[Knote: [m[Kcandidate is: â€˜[01m[Kvirtual void navigate_bt::RequestName::halt()[m[Kâ€™
   26 |   void [01;36m[Khalt[m[K();
      |        [01;36m[K^~~~[m[K
[01m[K/home/sergiorobsar/new_workspace/src/pruebaNav/navigate_bt/include/navigate_bt/RequestName.hpp:16:7:[m[K [01;36m[Knote: [m[Kâ€˜[01m[Kclass navigate_bt::RequestName[m[Kâ€™ defined here
   16 | class [01;36m[KRequestName[m[K : public BT::ActionNodeBase
      |       [01;36m[K^~~~~~~~~~~[m[K
[01m[K/home/sergiorobsar/new_workspace/src/pruebaNav/navigate_bt/src/navigate_bt/RequestName.cpp:39:1:[m[K [01;31m[Kerror: [m[Kexpected constructor, destructor, or type conversion before â€˜[01m[K([m[Kâ€™ token
   39 | [01;31m[K([m[K
      | [01;31m[K^[m[K
[01m[K/home/sergiorobsar/new_workspace/src/pruebaNav/navigate_bt/src/navigate_bt/RequestName.cpp:44:20:[m[K [01;31m[Kerror: [m[Kexpected constructor, destructor, or type conversion before â€˜[01m[K([m[Kâ€™ token
   44 |   rclcpp::spin_some[01;31m[K([m[Kdialog_.get_node_base_interface());
      |                    [01;31m[K^[m[K
[01m[K/home/sergiorobsar/new_workspace/src/pruebaNav/navigate_bt/src/navigate_bt/RequestName.cpp:46:3:[m[K [01;31m[Kerror: [m[Kexpected unqualified-id before â€˜[01m[Kif[m[Kâ€™
   46 |   [01;31m[Kif[m[K(name_ == "" && node_->now() - start_time_ > 10s){
      |   [01;31m[K^~[m[K
[01m[K/home/sergiorobsar/new_workspace/src/pruebaNav/navigate_bt/src/navigate_bt/RequestName.cpp:52:3:[m[K [01;31m[Kerror: [m[Kexpected unqualified-id before â€˜[01m[Kif[m[Kâ€™
   52 |   [01;31m[Kif[m[K(node_->now() - start_time_  < 3s){
      |   [01;31m[K^~[m[K
[01m[K/home/sergiorobsar/new_workspace/src/pruebaNav/navigate_bt/src/navigate_bt/RequestName.cpp:56:3:[m[K [01;31m[Kerror: [m[Kexpected unqualified-id before â€˜[01m[Kif[m[Kâ€™
   56 |   [01;31m[Kif[m[K(!listening_){
      |   [01;31m[K^~[m[K
[01m[K/home/sergiorobsar/new_workspace/src/pruebaNav/navigate_bt/src/navigate_bt/RequestName.cpp:61:3:[m[K [01;31m[Kerror: [m[Kexpected unqualified-id before â€˜[01m[Kif[m[Kâ€™
   61 |   [01;31m[Kif[m[K(name_== ""){
      |   [01;31m[K^~[m[K
[01m[K/home/sergiorobsar/new_workspace/src/pruebaNav/navigate_bt/src/navigate_bt/RequestName.cpp:65:3:[m[K [01;31m[Kerror: [m[Kâ€˜[01m[Kdialog_[m[Kâ€™ does not name a type
   65 |   [01;31m[Kdialog_[m[K.speak("Hello "+ name_ + "Nice to meet you. You are really welcomed!");
      |   [01;31m[K^~~~~~~[m[K
[01m[K/home/sergiorobsar/new_workspace/src/pruebaNav/navigate_bt/src/navigate_bt/RequestName.cpp:67:12:[m[K [01;31m[Kerror: [m[Kexpected constructor, destructor, or type conversion before â€˜[01m[K([m[Kâ€™ token
   67 |   setOutput[01;31m[K([m[K"nameID",name_);
      |            [01;31m[K^[m[K
[01m[K/home/sergiorobsar/new_workspace/src/pruebaNav/navigate_bt/src/navigate_bt/RequestName.cpp:69:3:[m[K [01;31m[Kerror: [m[Kâ€˜[01m[Kname_[m[Kâ€™ does not name a type
   69 |   [01;31m[Kname_[m[K="";
      |   [01;31m[K^~~~~[m[K
[01m[K/home/sergiorobsar/new_workspace/src/pruebaNav/navigate_bt/src/navigate_bt/RequestName.cpp:70:3:[m[K [01;31m[Kerror: [m[Kâ€˜[01m[Klistening_[m[Kâ€™ does not name a type
   70 |   [01;31m[Klistening_[m[K = false;
      |   [01;31m[K^~~~~~~~~~[m[K
[01m[K/home/sergiorobsar/new_workspace/src/pruebaNav/navigate_bt/src/navigate_bt/RequestName.cpp:72:3:[m[K [01;31m[Kerror: [m[Kexpected unqualified-id before â€˜[01m[Kreturn[m[Kâ€™
   72 |   [01;31m[Kreturn[m[K BT::NodeStatus::SUCCESS;
      |   [01;31m[K^~~~~~[m[K
[01m[K/home/sergiorobsar/new_workspace/src/pruebaNav/navigate_bt/src/navigate_bt/RequestName.cpp:74:1:[m[K [01;31m[Kerror: [m[Kexpected unqualified-id before â€˜[01m[K)[m[Kâ€™ token
   74 | [01;31m[K)[m[K
      | [01;31m[K^[m[K
gmake[2]: *** [CMakeFiles/request_name.dir/build.make:76: CMakeFiles/request_name.dir/src/navigate_bt/RequestName.cpp.o] Error 1
gmake[1]: *** [CMakeFiles/Makefile2:139: CMakeFiles/request_name.dir/all] Error 2
gmake: *** [Makefile:146: all] Error 2
