[0.036s] Invoking command in '/home/sergiorobsar/new_workspace/src/pruebaNav/build/navigate_bt': CMAKE_PREFIX_PATH=${CMAKE_PREFIX_PATH}:/home/sergiorobsar/new_workspace/install/joy_teleop:/home/sergiorobsar/new_workspace/install/rosidl_pycommon:/home/sergiorobsar/new_workspace/install/rosidl_cli:/home/sergiorobsar/new_workspace/install/mouse_teleop:/home/sergiorobsar/new_workspace/install/launch_pal:/home/sergiorobsar/new_workspace/install/key_teleop:/home/sergiorobsar/new_workspace/install/dialogflow_ros2:/home/sergiorobsar/new_workspace/install/br2_fsm_bumpgo_py:/opt/ros/humble /usr/bin/cmake /home/sergiorobsar/new_workspace/src/pruebaNav/navigate_bt -DAMENT_CMAKE_SYMLINK_INSTALL=1 -DCMAKE_INSTALL_PREFIX=/home/sergiorobsar/new_workspace/src/pruebaNav/install/navigate_bt
[0.184s] -- The C compiler identification is GNU 11.3.0
[0.333s] -- The CXX compiler identification is GNU 11.3.0
[0.349s] -- Detecting C compiler ABI info
[0.548s] -- Detecting C compiler ABI info - done
[0.559s] -- Check for working C compiler: /usr/bin/cc - skipped
[0.560s] -- Detecting C compile features
[0.561s] -- Detecting C compile features - done
[0.565s] -- Detecting CXX compiler ABI info
[0.752s] -- Detecting CXX compiler ABI info - done
[0.762s] -- Check for working CXX compiler: /usr/bin/c++ - skipped
[0.762s] -- Detecting CXX compile features
[0.763s] -- Detecting CXX compile features - done
[0.794s] -- Found ament_cmake: 1.3.3 (/opt/ros/humble/share/ament_cmake/cmake)
[1.268s] -- Found Python3: /usr/bin/python3.10 (found version "3.10.6") found components: Interpreter 
[1.402s] -- Override CMake install command with custom implementation using symlinks instead of copying resources
[1.762s] -- Found rclcpp: 16.0.3 (/opt/ros/humble/share/rclcpp/cmake)
[1.999s] -- Found rosidl_generator_c: 3.3.1 (/home/sergiorobsar/new_workspace/install/rosidl_generator_c/share/rosidl_generator_c/cmake)
[2.020s] -- Found rosidl_adapter: 3.3.1 (/home/sergiorobsar/new_workspace/install/rosidl_adapter/share/rosidl_adapter/cmake)
[2.056s] -- Found rosidl_generator_cpp: 3.3.1 (/home/sergiorobsar/new_workspace/install/rosidl_generator_cpp/share/rosidl_generator_cpp/cmake)
[2.126s] -- Using all available rosidl_typesupport_c: rosidl_typesupport_introspection_c;rosidl_typesupport_fastrtps_c
[2.209s] -- Using all available rosidl_typesupport_cpp: rosidl_typesupport_introspection_cpp;rosidl_typesupport_fastrtps_cpp
[2.534s] -- Found rmw_implementation_cmake: 6.1.1 (/opt/ros/humble/share/rmw_implementation_cmake/cmake)
[2.568s] -- Found rmw_fastrtps_cpp: 6.2.2 (/opt/ros/humble/share/rmw_fastrtps_cpp/cmake)
[2.991s] -- Found OpenSSL: /usr/lib/x86_64-linux-gnu/libcrypto.so (found version "3.0.2")  
[3.066s] -- Found FastRTPS: /opt/ros/humble/include  
[3.190s] -- Using RMW implementation 'rmw_fastrtps_cpp' as default
[3.271s] -- Looking for pthread.h
[3.453s] -- Looking for pthread.h - found
[3.453s] -- Performing Test CMAKE_HAVE_LIBC_PTHREAD
[3.633s] -- Performing Test CMAKE_HAVE_LIBC_PTHREAD - Success
[3.634s] -- Found Threads: TRUE  
[4.010s] -- Found rclcpp_action: 16.0.3 (/opt/ros/humble/share/rclcpp_action/cmake)
[4.260s] -- Found dialogflow_ros2_interfaces: 0.0.0 (/home/sergiorobsar/new_workspace/install/dialogflow_ros2_interfaces/share/dialogflow_ros2_interfaces/cmake)
[4.315s] -- Found gb_dialog: 0.0.1 (/home/sergiorobsar/new_workspace/install/gb_dialog/share/gb_dialog/cmake)
[4.725s] -- Found geometry_msgs: 4.2.3 (/opt/ros/humble/share/geometry_msgs/cmake)
[4.810s] -- Found nav2_msgs: 1.1.6 (/opt/ros/humble/share/nav2_msgs/cmake)
[5.244s] -- Found ZMQ: /usr/lib/x86_64-linux-gnu/libzmq.so  
[5.244s] -- ZeroMQ found.
[5.553s] -- Found ament_lint_auto: 0.12.5 (/opt/ros/humble/share/ament_lint_auto/cmake)
[5.931s] -- Added test 'copyright' to check source files copyright and LICENSE
[5.938s] -- Added test 'cppcheck' to perform static code analysis on C / C++ code
[5.940s] -- Configured cppcheck include dirs: /home/sergiorobsar/new_workspace/src/pruebaNav/navigate_bt/include
[5.940s] -- Configured cppcheck exclude dirs and/or files: 
[5.947s] -- Added test 'cpplint' to check C / C++ code against the Google style
[5.947s] -- Configured cpplint exclude dirs and/or files: 
[5.952s] -- Added test 'flake8' to check Python code syntax and style conventions
[5.958s] -- Added test 'lint_cmake' to check CMake code style
[5.963s] -- Added test 'pep257' to check Python code against some of the docstring style conventions in PEP 257
[5.969s] -- Added test 'uncrustify' to check C / C++ code style
[5.969s] -- Configured uncrustify additional arguments: 
[5.975s] -- Added test 'xmllint' to check XML markup files
[5.987s] -- Configuring done
[6.080s] -- Generating done
[6.084s] -- Build files have been written to: /home/sergiorobsar/new_workspace/src/pruebaNav/build/navigate_bt
[6.099s] Invoked command in '/home/sergiorobsar/new_workspace/src/pruebaNav/build/navigate_bt' returned '0': CMAKE_PREFIX_PATH=${CMAKE_PREFIX_PATH}:/home/sergiorobsar/new_workspace/install/joy_teleop:/home/sergiorobsar/new_workspace/install/rosidl_pycommon:/home/sergiorobsar/new_workspace/install/rosidl_cli:/home/sergiorobsar/new_workspace/install/mouse_teleop:/home/sergiorobsar/new_workspace/install/launch_pal:/home/sergiorobsar/new_workspace/install/key_teleop:/home/sergiorobsar/new_workspace/install/dialogflow_ros2:/home/sergiorobsar/new_workspace/install/br2_fsm_bumpgo_py:/opt/ros/humble /usr/bin/cmake /home/sergiorobsar/new_workspace/src/pruebaNav/navigate_bt -DAMENT_CMAKE_SYMLINK_INSTALL=1 -DCMAKE_INSTALL_PREFIX=/home/sergiorobsar/new_workspace/src/pruebaNav/install/navigate_bt
[6.102s] Invoking command in '/home/sergiorobsar/new_workspace/src/pruebaNav/build/navigate_bt': CMAKE_PREFIX_PATH=${CMAKE_PREFIX_PATH}:/home/sergiorobsar/new_workspace/install/joy_teleop:/home/sergiorobsar/new_workspace/install/rosidl_pycommon:/home/sergiorobsar/new_workspace/install/rosidl_cli:/home/sergiorobsar/new_workspace/install/mouse_teleop:/home/sergiorobsar/new_workspace/install/launch_pal:/home/sergiorobsar/new_workspace/install/key_teleop:/home/sergiorobsar/new_workspace/install/dialogflow_ros2:/home/sergiorobsar/new_workspace/install/br2_fsm_bumpgo_py:/opt/ros/humble /usr/bin/cmake --build /home/sergiorobsar/new_workspace/src/pruebaNav/build/navigate_bt -- -j4 -l4
[6.260s] [ 50%] [32mBuilding CXX object CMakeFiles/navigate_main.dir/src/navigate_main.cpp.o[0m
[6.260s] [ 50%] [32mBuilding CXX object CMakeFiles/request_name.dir/src/navigate_bt/RequestName.cpp.o[0m
[14.762s] [ 75%] [32m[1mLinking CXX executable navigate_main[0m
[15.191s] In file included from [01m[K/home/sergiorobsar/new_workspace/src/pruebaNav/navigate_bt/src/navigate_bt/RequestName.cpp:4[m[K:
[15.191s] [01m[K/home/sergiorobsar/new_workspace/src/pruebaNav/navigate_bt/include/navigate_bt/RequestName.hpp:24:22:[m[K [01;31m[Kerror: [m[Kâ€˜[01m[Kdialogflow_ros2_interfaces[m[Kâ€™ has not been declared
[15.192s]    24 |   void RequestNameCB([01;31m[Kdialogflow_ros2_interfaces[m[K::msg::DialogflowResult result);
[15.192s]       |                      [01;31m[K^~~~~~~~~~~~~~~~~~~~~~~~~~[m[K
[15.192s] [01m[K/home/sergiorobsar/new_workspace/src/pruebaNav/navigate_bt/include/navigate_bt/RequestName.hpp:24:72:[m[K [01;31m[Kerror: [m[Kexpected â€˜[01m[K,[m[Kâ€™ or â€˜[01m[K...[m[Kâ€™ before â€˜[01m[Kresult[m[Kâ€™
[15.192s]    24 |   void RequestNameCB(dialogflow_ros2_interfaces::msg::DialogflowResult [01;31m[Kresult[m[K);
[15.193s]       |                                                                        [01;31m[K^~~~~~[m[K
[15.207s] [01m[K/home/sergiorobsar/new_workspace/src/pruebaNav/navigate_bt/include/navigate_bt/RequestName.hpp:38:3:[m[K [01;31m[Kerror: [m[Kâ€˜[01m[Kgb_dialog[m[Kâ€™ does not name a type
[15.207s]    38 |   [01;31m[Kgb_dialog[m[K::DialogInterface dialog_;
[15.207s]       |   [01;31m[K^~~~~~~~~[m[K
[15.208s] [01m[K/home/sergiorobsar/new_workspace/src/pruebaNav/navigate_bt/include/navigate_bt/RequestName.hpp:[m[K In static member function â€˜[01m[Kstatic BT::PortsList navigate_bt::RequestName::providedPorts()[m[Kâ€™:
[15.208s] [01m[K/home/sergiorobsar/new_workspace/src/pruebaNav/navigate_bt/include/navigate_bt/RequestName.hpp:32:44:[m[K [01;31m[Kerror: [m[Kexpected â€˜[01m[K}[m[Kâ€™ before â€˜[01m[K;[m[Kâ€™ token
[15.208s]    32 |       BT::OutputPort<std::string>("nameID")[01;31m[K;[m[K
[15.208s]       |                                            [01;31m[K^[m[K
[15.209s] [01m[K/home/sergiorobsar/new_workspace/src/pruebaNav/navigate_bt/include/navigate_bt/RequestName.hpp:31:11:[m[K [01;36m[Knote: [m[Kto match this â€˜[01m[K{[m[Kâ€™
[15.209s]    31 |     return[01;36m[K{[m[K
[15.209s]       |           [01;36m[K^[m[K
[15.503s] [ 75%] Built target navigate_main
[15.650s] [01m[K/home/sergiorobsar/new_workspace/src/pruebaNav/navigate_bt/src/navigate_bt/RequestName.cpp:[m[K At global scope:
[15.650s] [01m[K/home/sergiorobsar/new_workspace/src/pruebaNav/navigate_bt/src/navigate_bt/RequestName.cpp:17:12:[m[K [01;31m[Kerror: [m[Kfound â€˜[01m[K:[m[Kâ€™ in nested-name-specifier, expected â€˜[01m[K::[m[Kâ€™
[15.651s]    17 | RequestName[01;31m[K:[m[KRequestName(
[15.651s]       |            [01;31m[K^[m[K
[15.651s]       |            [32m[K::[m[K
[15.660s] [01m[K/home/sergiorobsar/new_workspace/src/pruebaNav/navigate_bt/src/navigate_bt/RequestName.cpp:[m[K In constructor â€˜[01m[Knavigate_bt::RequestName::RequestName(const string&, const BT::NodeConfiguration&)[m[Kâ€™:
[15.660s] [01m[K/home/sergiorobsar/new_workspace/src/pruebaNav/navigate_bt/src/navigate_bt/RequestName.cpp:22:3:[m[K [01;31m[Kerror: [m[Kâ€˜[01m[Kdialog_[m[Kâ€™ was not declared in this scope; did you mean â€˜[01m[Kilogb[m[Kâ€™?
[15.660s]    22 |   [01;31m[Kdialog_[m[K.registerCallback(
[15.660s]       |   [01;31m[K^~~~~~~[m[K
[15.660s]       |   [32m[Kilogb[m[K
[15.660s] [01m[K/home/sergiorobsar/new_workspace/src/pruebaNav/navigate_bt/src/navigate_bt/RequestName.cpp:23:29:[m[K [01;31m[Kerror: [m[Kâ€˜[01m[KnoIntentCB[m[Kâ€™ is not a member of â€˜[01m[Knavigate_bt::RequestName[m[Kâ€™
[15.660s]    23 |     std::bind(&RequestName::[01;31m[KnoIntentCB[m[K, this, _1))
[15.660s]       |                             [01;31m[K^~~~~~~~~~[m[K
[15.665s] [01m[K/home/sergiorobsar/new_workspace/src/pruebaNav/navigate_bt/src/navigate_bt/RequestName.cpp:[m[K In function â€˜[01m[Kvoid navigate_bt::RequestNameCB(dialogflow_ros2_interfaces::msg::DialogflowResult)[m[Kâ€™:
[15.665s] [01m[K/home/sergiorobsar/new_workspace/src/pruebaNav/navigate_bt/src/navigate_bt/RequestName.cpp:32:5:[m[K [01;31m[Kerror: [m[Kâ€˜[01m[Kname_[m[Kâ€™ was not declared in this scope
[15.665s]    32 |     [01;31m[Kname_[m[K =result.parameters[0].value[0];
[15.665s]       |     [01;31m[K^~~~~[m[K
[15.666s] [01m[K/home/sergiorobsar/new_workspace/src/pruebaNav/navigate_bt/src/navigate_bt/RequestName.cpp:[m[K At global scope:
[15.667s] [01m[K/home/sergiorobsar/new_workspace/src/pruebaNav/navigate_bt/src/navigate_bt/RequestName.cpp:35:1:[m[K [01;31m[Kerror: [m[KISO C++ forbids declaration of â€˜[01m[Khalt[m[Kâ€™ with no type [[01;31m[K]8;;https://gcc.gnu.org/onlinedocs/gcc/Warning-Options.html#index-fpermissive-fpermissive]8;;[m[K]
[15.667s]    35 | [01;31m[KRequestName[m[K::halt(){
[15.667s]       | [01;31m[K^~~~~~~~~~~[m[K
[15.667s] [01m[K/home/sergiorobsar/new_workspace/src/pruebaNav/navigate_bt/src/navigate_bt/RequestName.cpp:35:1:[m[K [01;31m[Kerror: [m[Kno declaration matches â€˜[01m[Kint navigate_bt::RequestName::halt()[m[Kâ€™
[15.667s] In file included from [01m[K/home/sergiorobsar/new_workspace/src/pruebaNav/navigate_bt/src/navigate_bt/RequestName.cpp:4[m[K:
[15.667s] [01m[K/home/sergiorobsar/new_workspace/src/pruebaNav/navigate_bt/include/navigate_bt/RequestName.hpp:26:8:[m[K [01;36m[Knote: [m[Kcandidate is: â€˜[01m[Kvirtual void navigate_bt::RequestName::halt()[m[Kâ€™
[15.667s]    26 |   void [01;36m[Khalt[m[K();
[15.667s]       |        [01;36m[K^~~~[m[K
[15.667s] [01m[K/home/sergiorobsar/new_workspace/src/pruebaNav/navigate_bt/include/navigate_bt/RequestName.hpp:16:7:[m[K [01;36m[Knote: [m[Kâ€˜[01m[Kclass navigate_bt::RequestName[m[Kâ€™ defined here
[15.668s]    16 | class [01;36m[KRequestName[m[K : public BT::ActionNodeBase
[15.668s]       |       [01;36m[K^~~~~~~~~~~[m[K
[15.668s] [01m[K/home/sergiorobsar/new_workspace/src/pruebaNav/navigate_bt/src/navigate_bt/RequestName.cpp:39:1:[m[K [01;31m[Kerror: [m[Kexpected constructor, destructor, or type conversion before â€˜[01m[K([m[Kâ€™ token
[15.668s]    39 | [01;31m[K([m[K
[15.668s]       | [01;31m[K^[m[K
[15.668s] [01m[K/home/sergiorobsar/new_workspace/src/pruebaNav/navigate_bt/src/navigate_bt/RequestName.cpp:44:20:[m[K [01;31m[Kerror: [m[Kexpected constructor, destructor, or type conversion before â€˜[01m[K([m[Kâ€™ token
[15.668s]    44 |   rclcpp::spin_some[01;31m[K([m[Kdialog_.get_node_base_interface());
[15.668s]       |                    [01;31m[K^[m[K
[15.668s] [01m[K/home/sergiorobsar/new_workspace/src/pruebaNav/navigate_bt/src/navigate_bt/RequestName.cpp:46:3:[m[K [01;31m[Kerror: [m[Kexpected unqualified-id before â€˜[01m[Kif[m[Kâ€™
[15.668s]    46 |   [01;31m[Kif[m[K(name_ == "" && node_->now() - start_time_ > 10s){
[15.668s]       |   [01;31m[K^~[m[K
[15.668s] [01m[K/home/sergiorobsar/new_workspace/src/pruebaNav/navigate_bt/src/navigate_bt/RequestName.cpp:52:3:[m[K [01;31m[Kerror: [m[Kexpected unqualified-id before â€˜[01m[Kif[m[Kâ€™
[15.668s]    52 |   [01;31m[Kif[m[K(node_->now() - start_time_  < 3s){
[15.668s]       |   [01;31m[K^~[m[K
[15.669s] [01m[K/home/sergiorobsar/new_workspace/src/pruebaNav/navigate_bt/src/navigate_bt/RequestName.cpp:56:3:[m[K [01;31m[Kerror: [m[Kexpected unqualified-id before â€˜[01m[Kif[m[Kâ€™
[15.669s]    56 |   [01;31m[Kif[m[K(!listening_){
[15.669s]       |   [01;31m[K^~[m[K
[15.669s] [01m[K/home/sergiorobsar/new_workspace/src/pruebaNav/navigate_bt/src/navigate_bt/RequestName.cpp:61:3:[m[K [01;31m[Kerror: [m[Kexpected unqualified-id before â€˜[01m[Kif[m[Kâ€™
[15.669s]    61 |   [01;31m[Kif[m[K(name_== ""){
[15.669s]       |   [01;31m[K^~[m[K
[15.672s] [01m[K/home/sergiorobsar/new_workspace/src/pruebaNav/navigate_bt/src/navigate_bt/RequestName.cpp:65:3:[m[K [01;31m[Kerror: [m[Kâ€˜[01m[Kdialog_[m[Kâ€™ does not name a type
[15.672s]    65 |   [01;31m[Kdialog_[m[K.speak("Hello "+ name_ + "Nice to meet you. You are really welcomed!");
[15.672s]       |   [01;31m[K^~~~~~~[m[K
[15.672s] [01m[K/home/sergiorobsar/new_workspace/src/pruebaNav/navigate_bt/src/navigate_bt/RequestName.cpp:67:12:[m[K [01;31m[Kerror: [m[Kexpected constructor, destructor, or type conversion before â€˜[01m[K([m[Kâ€™ token
[15.672s]    67 |   setOutput[01;31m[K([m[K"nameID",name_);
[15.672s]       |            [01;31m[K^[m[K
[15.674s] [01m[K/home/sergiorobsar/new_workspace/src/pruebaNav/navigate_bt/src/navigate_bt/RequestName.cpp:69:3:[m[K [01;31m[Kerror: [m[Kâ€˜[01m[Kname_[m[Kâ€™ does not name a type
[15.674s]    69 |   [01;31m[Kname_[m[K="";
[15.674s]       |   [01;31m[K^~~~~[m[K
[15.681s] [01m[K/home/sergiorobsar/new_workspace/src/pruebaNav/navigate_bt/src/navigate_bt/RequestName.cpp:70:3:[m[K [01;31m[Kerror: [m[Kâ€˜[01m[Klistening_[m[Kâ€™ does not name a type
[15.681s]    70 |   [01;31m[Klistening_[m[K = false;
[15.681s]       |   [01;31m[K^~~~~~~~~~[m[K
[15.681s] [01m[K/home/sergiorobsar/new_workspace/src/pruebaNav/navigate_bt/src/navigate_bt/RequestName.cpp:72:3:[m[K [01;31m[Kerror: [m[Kexpected unqualified-id before â€˜[01m[Kreturn[m[Kâ€™
[15.681s]    72 |   [01;31m[Kreturn[m[K BT::NodeStatus::SUCCESS;
[15.681s]       |   [01;31m[K^~~~~~[m[K
[15.681s] [01m[K/home/sergiorobsar/new_workspace/src/pruebaNav/navigate_bt/src/navigate_bt/RequestName.cpp:74:1:[m[K [01;31m[Kerror: [m[Kexpected unqualified-id before â€˜[01m[K)[m[Kâ€™ token
[15.681s]    74 | [01;31m[K)[m[K
[15.682s]       | [01;31m[K^[m[K
[17.339s] gmake[2]: *** [CMakeFiles/request_name.dir/build.make:76: CMakeFiles/request_name.dir/src/navigate_bt/RequestName.cpp.o] Error 1
[17.339s] gmake[1]: *** [CMakeFiles/Makefile2:139: CMakeFiles/request_name.dir/all] Error 2
[17.340s] gmake: *** [Makefile:146: all] Error 2
[17.343s] Invoked command in '/home/sergiorobsar/new_workspace/src/pruebaNav/build/navigate_bt' returned '2': CMAKE_PREFIX_PATH=${CMAKE_PREFIX_PATH}:/home/sergiorobsar/new_workspace/install/joy_teleop:/home/sergiorobsar/new_workspace/install/rosidl_pycommon:/home/sergiorobsar/new_workspace/install/rosidl_cli:/home/sergiorobsar/new_workspace/install/mouse_teleop:/home/sergiorobsar/new_workspace/install/launch_pal:/home/sergiorobsar/new_workspace/install/key_teleop:/home/sergiorobsar/new_workspace/install/dialogflow_ros2:/home/sergiorobsar/new_workspace/install/br2_fsm_bumpgo_py:/opt/ros/humble /usr/bin/cmake --build /home/sergiorobsar/new_workspace/src/pruebaNav/build/navigate_bt -- -j4 -l4
