[0.042s] Invoking command in '/home/sergiorobsar/new_workspace/src/pruebaNav/build/navigate_bt': CMAKE_PREFIX_PATH=${CMAKE_PREFIX_PATH}:/home/sergiorobsar/new_workspace/install/joy_teleop:/home/sergiorobsar/new_workspace/install/rosidl_pycommon:/home/sergiorobsar/new_workspace/install/rosidl_cli:/home/sergiorobsar/new_workspace/install/mouse_teleop:/home/sergiorobsar/new_workspace/install/launch_pal:/home/sergiorobsar/new_workspace/install/key_teleop:/home/sergiorobsar/new_workspace/install/dialogflow_ros2:/home/sergiorobsar/new_workspace/install/br2_fsm_bumpgo_py:/opt/ros/humble /usr/bin/cmake --build /home/sergiorobsar/new_workspace/src/pruebaNav/build/navigate_bt -- -j4 -l4
[0.170s] [35m[1mConsolidate compiler generated dependencies of target navigate_main[0m
[0.177s] [35m[1mConsolidate compiler generated dependencies of target request_name[0m
[0.231s] [ 50%] Built target navigate_main
[0.251s] [ 75%] [32mBuilding CXX object CMakeFiles/request_name.dir/src/navigate_bt/RequestName.cpp.o[0m
[7.853s] In file included from [01m[K/home/sergiorobsar/new_workspace/src/pruebaNav/navigate_bt/src/navigate_bt/RequestName.cpp:4[m[K:
[7.853s] [01m[K/home/sergiorobsar/new_workspace/src/pruebaNav/navigate_bt/include/navigate_bt/RequestName.hpp:22:22:[m[K [01;31m[Kerror: [m[Kâ€˜[01m[Kdialogflow_ros2_interfaces[m[Kâ€™ has not been declared
[7.854s]    22 |   void RequestNameCB([01;31m[Kdialogflow_ros2_interfaces[m[K::msg::DialogflowResult result);
[7.854s]       |                      [01;31m[K^~~~~~~~~~~~~~~~~~~~~~~~~~[m[K
[7.854s] [01m[K/home/sergiorobsar/new_workspace/src/pruebaNav/navigate_bt/include/navigate_bt/RequestName.hpp:22:72:[m[K [01;31m[Kerror: [m[Kexpected â€˜[01m[K,[m[Kâ€™ or â€˜[01m[K...[m[Kâ€™ before â€˜[01m[Kresult[m[Kâ€™
[7.854s]    22 |   void RequestNameCB(dialogflow_ros2_interfaces::msg::DialogflowResult [01;31m[Kresult[m[K);
[7.854s]       |                                                                        [01;31m[K^~~~~~[m[K
[7.865s] [01m[K/home/sergiorobsar/new_workspace/src/pruebaNav/navigate_bt/include/navigate_bt/RequestName.hpp:36:3:[m[K [01;31m[Kerror: [m[Kâ€˜[01m[Kgb_dialog[m[Kâ€™ does not name a type
[7.865s]    36 |   [01;31m[Kgb_dialog[m[K::DialogInterface dialog_;
[7.865s]       |   [01;31m[K^~~~~~~~~[m[K
[7.866s] [01m[K/home/sergiorobsar/new_workspace/src/pruebaNav/navigate_bt/include/navigate_bt/RequestName.hpp:[m[K In static member function â€˜[01m[Kstatic BT::PortsList navigate_bt::RequestName::providedPorts()[m[Kâ€™:
[7.867s] [01m[K/home/sergiorobsar/new_workspace/src/pruebaNav/navigate_bt/include/navigate_bt/RequestName.hpp:30:44:[m[K [01;31m[Kerror: [m[Kexpected â€˜[01m[K}[m[Kâ€™ before â€˜[01m[K;[m[Kâ€™ token
[7.867s]    30 |       BT::OutputPort<std::string>("nameID")[01;31m[K;[m[K
[7.868s]       |                                            [01;31m[K^[m[K
[7.868s] [01m[K/home/sergiorobsar/new_workspace/src/pruebaNav/navigate_bt/include/navigate_bt/RequestName.hpp:29:11:[m[K [01;36m[Knote: [m[Kto match this â€˜[01m[K{[m[Kâ€™
[7.868s]    29 |     return[01;36m[K{[m[K
[7.868s]       |           [01;36m[K^[m[K
[8.258s] [01m[K/home/sergiorobsar/new_workspace/src/pruebaNav/navigate_bt/src/navigate_bt/RequestName.cpp:[m[K At global scope:
[8.258s] [01m[K/home/sergiorobsar/new_workspace/src/pruebaNav/navigate_bt/src/navigate_bt/RequestName.cpp:17:12:[m[K [01;31m[Kerror: [m[Kfound â€˜[01m[K:[m[Kâ€™ in nested-name-specifier, expected â€˜[01m[K::[m[Kâ€™
[8.258s]    17 | RequestName[01;31m[K:[m[KRequestName(
[8.259s]       |            [01;31m[K^[m[K
[8.259s]       |            [32m[K::[m[K
[8.272s] [01m[K/home/sergiorobsar/new_workspace/src/pruebaNav/navigate_bt/src/navigate_bt/RequestName.cpp:[m[K In constructor â€˜[01m[Knavigate_bt::RequestName::RequestName(const string&, const BT::NodeConfiguration&)[m[Kâ€™:
[8.272s] [01m[K/home/sergiorobsar/new_workspace/src/pruebaNav/navigate_bt/src/navigate_bt/RequestName.cpp:22:3:[m[K [01;31m[Kerror: [m[Kâ€˜[01m[Kdialog_[m[Kâ€™ was not declared in this scope; did you mean â€˜[01m[Kilogb[m[Kâ€™?
[8.272s]    22 |   [01;31m[Kdialog_[m[K.registerCallback(
[8.272s]       |   [01;31m[K^~~~~~~[m[K
[8.273s]       |   [32m[Kilogb[m[K
[8.273s] [01m[K/home/sergiorobsar/new_workspace/src/pruebaNav/navigate_bt/src/navigate_bt/RequestName.cpp:23:29:[m[K [01;31m[Kerror: [m[Kâ€˜[01m[KnoIntentCB[m[Kâ€™ is not a member of â€˜[01m[Knavigate_bt::RequestName[m[Kâ€™
[8.273s]    23 |     std::bind(&RequestName::[01;31m[KnoIntentCB[m[K, this, _1))
[8.273s]       |                             [01;31m[K^~~~~~~~~~[m[K
[8.281s] [01m[K/home/sergiorobsar/new_workspace/src/pruebaNav/navigate_bt/src/navigate_bt/RequestName.cpp:[m[K In function â€˜[01m[Kvoid navigate_bt::RequestNameCB(dialogflow_ros2_interfaces::msg::DialogflowResult)[m[Kâ€™:
[8.281s] [01m[K/home/sergiorobsar/new_workspace/src/pruebaNav/navigate_bt/src/navigate_bt/RequestName.cpp:32:5:[m[K [01;31m[Kerror: [m[Kâ€˜[01m[Kname_[m[Kâ€™ was not declared in this scope
[8.282s]    32 |     [01;31m[Kname_[m[K =result.parameters[0].value[0];
[8.282s]       |     [01;31m[K^~~~~[m[K
[8.282s] [01m[K/home/sergiorobsar/new_workspace/src/pruebaNav/navigate_bt/src/navigate_bt/RequestName.cpp:[m[K At global scope:
[8.282s] [01m[K/home/sergiorobsar/new_workspace/src/pruebaNav/navigate_bt/src/navigate_bt/RequestName.cpp:35:1:[m[K [01;31m[Kerror: [m[KISO C++ forbids declaration of â€˜[01m[Khalt[m[Kâ€™ with no type [[01;31m[K]8;;https://gcc.gnu.org/onlinedocs/gcc/Warning-Options.html#index-fpermissive-fpermissive]8;;[m[K]
[8.282s]    35 | [01;31m[KRequestName[m[K::halt(){
[8.283s]       | [01;31m[K^~~~~~~~~~~[m[K
[8.283s] [01m[K/home/sergiorobsar/new_workspace/src/pruebaNav/navigate_bt/src/navigate_bt/RequestName.cpp:35:1:[m[K [01;31m[Kerror: [m[Kno declaration matches â€˜[01m[Kint navigate_bt::RequestName::halt()[m[Kâ€™
[8.283s] In file included from [01m[K/home/sergiorobsar/new_workspace/src/pruebaNav/navigate_bt/src/navigate_bt/RequestName.cpp:4[m[K:
[8.283s] [01m[K/home/sergiorobsar/new_workspace/src/pruebaNav/navigate_bt/include/navigate_bt/RequestName.hpp:24:8:[m[K [01;36m[Knote: [m[Kcandidate is: â€˜[01m[Kvirtual void navigate_bt::RequestName::halt()[m[Kâ€™
[8.283s]    24 |   void [01;36m[Khalt[m[K();
[8.283s]       |        [01;36m[K^~~~[m[K
[8.284s] [01m[K/home/sergiorobsar/new_workspace/src/pruebaNav/navigate_bt/include/navigate_bt/RequestName.hpp:14:7:[m[K [01;36m[Knote: [m[Kâ€˜[01m[Kclass navigate_bt::RequestName[m[Kâ€™ defined here
[8.284s]    14 | class [01;36m[KRequestName[m[K : public BT::ActionNodeBase
[8.284s]       |       [01;36m[K^~~~~~~~~~~[m[K
[8.284s] [01m[K/home/sergiorobsar/new_workspace/src/pruebaNav/navigate_bt/src/navigate_bt/RequestName.cpp:39:1:[m[K [01;31m[Kerror: [m[Kexpected constructor, destructor, or type conversion before â€˜[01m[K([m[Kâ€™ token
[8.284s]    39 | [01;31m[K([m[K
[8.284s]       | [01;31m[K^[m[K
[8.284s] [01m[K/home/sergiorobsar/new_workspace/src/pruebaNav/navigate_bt/src/navigate_bt/RequestName.cpp:44:20:[m[K [01;31m[Kerror: [m[Kexpected constructor, destructor, or type conversion before â€˜[01m[K([m[Kâ€™ token
[8.285s]    44 |   rclcpp::spin_some[01;31m[K([m[Kdialog_.get_node_base_interface());
[8.285s]       |                    [01;31m[K^[m[K
[8.285s] [01m[K/home/sergiorobsar/new_workspace/src/pruebaNav/navigate_bt/src/navigate_bt/RequestName.cpp:46:3:[m[K [01;31m[Kerror: [m[Kexpected unqualified-id before â€˜[01m[Kif[m[Kâ€™
[8.285s]    46 |   [01;31m[Kif[m[K(name_ == "" && node_->now() - start_time_ > 10s){
[8.285s]       |   [01;31m[K^~[m[K
[8.285s] [01m[K/home/sergiorobsar/new_workspace/src/pruebaNav/navigate_bt/src/navigate_bt/RequestName.cpp:52:3:[m[K [01;31m[Kerror: [m[Kexpected unqualified-id before â€˜[01m[Kif[m[Kâ€™
[8.286s]    52 |   [01;31m[Kif[m[K(node_->now() - start_time_  < 3s){
[8.286s]       |   [01;31m[K^~[m[K
[8.286s] [01m[K/home/sergiorobsar/new_workspace/src/pruebaNav/navigate_bt/src/navigate_bt/RequestName.cpp:56:3:[m[K [01;31m[Kerror: [m[Kexpected unqualified-id before â€˜[01m[Kif[m[Kâ€™
[8.286s]    56 |   [01;31m[Kif[m[K(!listening_){
[8.286s]       |   [01;31m[K^~[m[K
[8.286s] [01m[K/home/sergiorobsar/new_workspace/src/pruebaNav/navigate_bt/src/navigate_bt/RequestName.cpp:61:3:[m[K [01;31m[Kerror: [m[Kexpected unqualified-id before â€˜[01m[Kif[m[Kâ€™
[8.287s]    61 |   [01;31m[Kif[m[K(name_== ""){
[8.287s]       |   [01;31m[K^~[m[K
[8.287s] [01m[K/home/sergiorobsar/new_workspace/src/pruebaNav/navigate_bt/src/navigate_bt/RequestName.cpp:65:3:[m[K [01;31m[Kerror: [m[Kâ€˜[01m[Kdialog_[m[Kâ€™ does not name a type
[8.288s]    65 |   [01;31m[Kdialog_[m[K.speak("Hello "+ name_ + "Nice to meet you. You are really welcomed!");
[8.288s]       |   [01;31m[K^~~~~~~[m[K
[8.288s] [01m[K/home/sergiorobsar/new_workspace/src/pruebaNav/navigate_bt/src/navigate_bt/RequestName.cpp:67:12:[m[K [01;31m[Kerror: [m[Kexpected constructor, destructor, or type conversion before â€˜[01m[K([m[Kâ€™ token
[8.288s]    67 |   setOutput[01;31m[K([m[K"nameID",name_);
[8.288s]       |            [01;31m[K^[m[K
[8.291s] [01m[K/home/sergiorobsar/new_workspace/src/pruebaNav/navigate_bt/src/navigate_bt/RequestName.cpp:69:3:[m[K [01;31m[Kerror: [m[Kâ€˜[01m[Kname_[m[Kâ€™ does not name a type
[8.291s]    69 |   [01;31m[Kname_[m[K="";
[8.291s]       |   [01;31m[K^~~~~[m[K
[8.301s] [01m[K/home/sergiorobsar/new_workspace/src/pruebaNav/navigate_bt/src/navigate_bt/RequestName.cpp:70:3:[m[K [01;31m[Kerror: [m[Kâ€˜[01m[Klistening_[m[Kâ€™ does not name a type
[8.302s]    70 |   [01;31m[Klistening_[m[K = false;
[8.302s]       |   [01;31m[K^~~~~~~~~~[m[K
[8.302s] [01m[K/home/sergiorobsar/new_workspace/src/pruebaNav/navigate_bt/src/navigate_bt/RequestName.cpp:72:3:[m[K [01;31m[Kerror: [m[Kexpected unqualified-id before â€˜[01m[Kreturn[m[Kâ€™
[8.302s]    72 |   [01;31m[Kreturn[m[K BT::NodeStatus::SUCCESS;
[8.302s]       |   [01;31m[K^~~~~~[m[K
[8.303s] [01m[K/home/sergiorobsar/new_workspace/src/pruebaNav/navigate_bt/src/navigate_bt/RequestName.cpp:74:1:[m[K [01;31m[Kerror: [m[Kexpected unqualified-id before â€˜[01m[K)[m[Kâ€™ token
[8.303s]    74 | [01;31m[K)[m[K
[8.303s]       | [01;31m[K^[m[K
[9.929s] gmake[2]: *** [CMakeFiles/request_name.dir/build.make:76: CMakeFiles/request_name.dir/src/navigate_bt/RequestName.cpp.o] Error 1
[9.929s] gmake[1]: *** [CMakeFiles/Makefile2:139: CMakeFiles/request_name.dir/all] Error 2
[9.929s] gmake: *** [Makefile:146: all] Error 2
[9.932s] Invoked command in '/home/sergiorobsar/new_workspace/src/pruebaNav/build/navigate_bt' returned '2': CMAKE_PREFIX_PATH=${CMAKE_PREFIX_PATH}:/home/sergiorobsar/new_workspace/install/joy_teleop:/home/sergiorobsar/new_workspace/install/rosidl_pycommon:/home/sergiorobsar/new_workspace/install/rosidl_cli:/home/sergiorobsar/new_workspace/install/mouse_teleop:/home/sergiorobsar/new_workspace/install/launch_pal:/home/sergiorobsar/new_workspace/install/key_teleop:/home/sergiorobsar/new_workspace/install/dialogflow_ros2:/home/sergiorobsar/new_workspace/install/br2_fsm_bumpgo_py:/opt/ros/humble /usr/bin/cmake --build /home/sergiorobsar/new_workspace/src/pruebaNav/build/navigate_bt -- -j4 -l4
