[0.039s] Invoking command in '/home/sergiorobsar/new_workspace/src/pruebaNav/build/navigate_bt': CMAKE_PREFIX_PATH=${CMAKE_PREFIX_PATH}:/home/sergiorobsar/new_workspace/install/joy_teleop:/home/sergiorobsar/new_workspace/install/rosidl_pycommon:/home/sergiorobsar/new_workspace/install/rosidl_cli:/home/sergiorobsar/new_workspace/install/mouse_teleop:/home/sergiorobsar/new_workspace/install/launch_pal:/home/sergiorobsar/new_workspace/install/key_teleop:/home/sergiorobsar/new_workspace/install/dialogflow_ros2:/home/sergiorobsar/new_workspace/install/br2_fsm_bumpgo_py:/opt/ros/humble /usr/bin/cmake --build /home/sergiorobsar/new_workspace/src/pruebaNav/build/navigate_bt -- -j4 -l4
[0.169s] [35m[1mConsolidate compiler generated dependencies of target request_name[0m
[0.206s] [ 50%] Built target navigate_main
[0.238s] [ 75%] [32mBuilding CXX object CMakeFiles/request_name.dir/src/navigate_bt/RequestName.cpp.o[0m
[7.344s] [01m[K/home/sergiorobsar/new_workspace/src/pruebaNav/navigate_bt/src/navigate_bt/RequestName.cpp:[m[K In function â€˜[01m[Kvoid navigate_bt::RequestNameCB(dialogflow_ros2_interfaces::msg::DialogflowResult)[m[Kâ€™:
[7.344s] [01m[K/home/sergiorobsar/new_workspace/src/pruebaNav/navigate_bt/src/navigate_bt/RequestName.cpp:30:5:[m[K [01;31m[Kerror: [m[Kâ€˜[01m[Kname_[m[Kâ€™ was not declared in this scope
[7.344s]    30 |     [01;31m[Kname_[m[K =result.parameters[0].value[0];
[7.345s]       |     [01;31m[K^~~~~[m[K
[7.347s] [01m[K/home/sergiorobsar/new_workspace/src/pruebaNav/navigate_bt/src/navigate_bt/RequestName.cpp:[m[K At global scope:
[7.347s] [01m[K/home/sergiorobsar/new_workspace/src/pruebaNav/navigate_bt/src/navigate_bt/RequestName.cpp:81:2:[m[K [01;31m[Kerror: [m[Kexpected â€˜[01m[K}[m[Kâ€™ at end of input
[7.347s]    81 | }
[7.347s]       |  [01;31m[K^[m[K
[7.348s] [01m[K/home/sergiorobsar/new_workspace/src/pruebaNav/navigate_bt/src/navigate_bt/RequestName.cpp:15:1:[m[K [01;36m[Knote: [m[Kto match this â€˜[01m[K{[m[Kâ€™
[7.348s]    15 | [01;36m[K{[m[K
[7.348s]       | [01;36m[K^[m[K
[9.092s] gmake[2]: *** [CMakeFiles/request_name.dir/build.make:76: CMakeFiles/request_name.dir/src/navigate_bt/RequestName.cpp.o] Error 1
[9.093s] gmake[1]: *** [CMakeFiles/Makefile2:139: CMakeFiles/request_name.dir/all] Error 2
[9.093s] gmake: *** [Makefile:146: all] Error 2
[9.096s] Invoked command in '/home/sergiorobsar/new_workspace/src/pruebaNav/build/navigate_bt' returned '2': CMAKE_PREFIX_PATH=${CMAKE_PREFIX_PATH}:/home/sergiorobsar/new_workspace/install/joy_teleop:/home/sergiorobsar/new_workspace/install/rosidl_pycommon:/home/sergiorobsar/new_workspace/install/rosidl_cli:/home/sergiorobsar/new_workspace/install/mouse_teleop:/home/sergiorobsar/new_workspace/install/launch_pal:/home/sergiorobsar/new_workspace/install/key_teleop:/home/sergiorobsar/new_workspace/install/dialogflow_ros2:/home/sergiorobsar/new_workspace/install/br2_fsm_bumpgo_py:/opt/ros/humble /usr/bin/cmake --build /home/sergiorobsar/new_workspace/src/pruebaNav/build/navigate_bt -- -j4 -l4
