[01m[K/home/sergiorobsar/new_workspace/src/pruebaNav/navigate_bt/src/navigate_bt/RequestName.cpp:[m[K In function â€˜[01m[Kvoid navigate_bt::RequestNameCB(dialogflow_ros2_interfaces::msg::DialogflowResult)[m[Kâ€™:
[01m[K/home/sergiorobsar/new_workspace/src/pruebaNav/navigate_bt/src/navigate_bt/RequestName.cpp:30:5:[m[K [01;31m[Kerror: [m[Kâ€˜[01m[Kname_[m[Kâ€™ was not declared in this scope
   30 |     [01;31m[Kname_[m[K =result.parameters[0].value[0];
      |     [01;31m[K^~~~~[m[K
[01m[K/home/sergiorobsar/new_workspace/src/pruebaNav/navigate_bt/src/navigate_bt/RequestName.cpp:[m[K At global scope:
[01m[K/home/sergiorobsar/new_workspace/src/pruebaNav/navigate_bt/src/navigate_bt/RequestName.cpp:33:1:[m[K [01;31m[Kerror: [m[KISO C++ forbids declaration of â€˜[01m[Khalt[m[Kâ€™ with no type [[01;31m[K]8;;https://gcc.gnu.org/onlinedocs/gcc/Warning-Options.html#index-fpermissive-fpermissive]8;;[m[K]
   33 | [01;31m[KRequestName[m[K::halt(){
      | [01;31m[K^~~~~~~~~~~[m[K
[01m[K/home/sergiorobsar/new_workspace/src/pruebaNav/navigate_bt/src/navigate_bt/RequestName.cpp:33:1:[m[K [01;31m[Kerror: [m[Kno declaration matches â€˜[01m[Kint navigate_bt::RequestName::halt()[m[Kâ€™
In file included from [01m[K/home/sergiorobsar/new_workspace/src/pruebaNav/navigate_bt/src/navigate_bt/RequestName.cpp:4[m[K:
[01m[K/home/sergiorobsar/new_workspace/src/pruebaNav/navigate_bt/include/navigate_bt/RequestName.hpp:24:8:[m[K [01;36m[Knote: [m[Kcandidate is: â€˜[01m[Kvirtual void navigate_bt::RequestName::halt()[m[Kâ€™
   24 |   void [01;36m[Khalt[m[K();
      |        [01;36m[K^~~~[m[K
[01m[K/home/sergiorobsar/new_workspace/src/pruebaNav/navigate_bt/include/navigate_bt/RequestName.hpp:14:7:[m[K [01;36m[Knote: [m[Kâ€˜[01m[Kclass navigate_bt::RequestName[m[Kâ€™ defined here
   14 | class [01;36m[KRequestName[m[K : public BT::ActionNodeBase
      |       [01;36m[K^~~~~~~~~~~[m[K
[01m[K/home/sergiorobsar/new_workspace/src/pruebaNav/navigate_bt/src/navigate_bt/RequestName.cpp:37:1:[m[K [01;31m[Kerror: [m[Kexpected constructor, destructor, or type conversion before â€˜[01m[K([m[Kâ€™ token
   37 | [01;31m[K([m[K
      | [01;31m[K^[m[K
[01m[K/home/sergiorobsar/new_workspace/src/pruebaNav/navigate_bt/src/navigate_bt/RequestName.cpp:42:20:[m[K [01;31m[Kerror: [m[Kexpected constructor, destructor, or type conversion before â€˜[01m[K([m[Kâ€™ token
   42 |   rclcpp::spin_some[01;31m[K([m[Kdialog_.get_node_base_interface());
      |                    [01;31m[K^[m[K
[01m[K/home/sergiorobsar/new_workspace/src/pruebaNav/navigate_bt/src/navigate_bt/RequestName.cpp:44:3:[m[K [01;31m[Kerror: [m[Kexpected unqualified-id before â€˜[01m[Kif[m[Kâ€™
   44 |   [01;31m[Kif[m[K(name_ == "" && node_->now() - start_time_ > 10s){
      |   [01;31m[K^~[m[K
[01m[K/home/sergiorobsar/new_workspace/src/pruebaNav/navigate_bt/src/navigate_bt/RequestName.cpp:50:3:[m[K [01;31m[Kerror: [m[Kexpected unqualified-id before â€˜[01m[Kif[m[Kâ€™
   50 |   [01;31m[Kif[m[K(node_->now() - start_time_  < 3s){
      |   [01;31m[K^~[m[K
[01m[K/home/sergiorobsar/new_workspace/src/pruebaNav/navigate_bt/src/navigate_bt/RequestName.cpp:54:3:[m[K [01;31m[Kerror: [m[Kexpected unqualified-id before â€˜[01m[Kif[m[Kâ€™
   54 |   [01;31m[Kif[m[K(!listening_){
      |   [01;31m[K^~[m[K
[01m[K/home/sergiorobsar/new_workspace/src/pruebaNav/navigate_bt/src/navigate_bt/RequestName.cpp:59:3:[m[K [01;31m[Kerror: [m[Kexpected unqualified-id before â€˜[01m[Kif[m[Kâ€™
   59 |   [01;31m[Kif[m[K(name_== ""){
      |   [01;31m[K^~[m[K
[01m[K/home/sergiorobsar/new_workspace/src/pruebaNav/navigate_bt/src/navigate_bt/RequestName.cpp:63:3:[m[K [01;31m[Kerror: [m[Kâ€˜[01m[Kdialog_[m[Kâ€™ does not name a type
   63 |   [01;31m[Kdialog_[m[K.speak("Hello "+ name_ + "Nice to meet you. You are really welcomed!");
      |   [01;31m[K^~~~~~~[m[K
[01m[K/home/sergiorobsar/new_workspace/src/pruebaNav/navigate_bt/src/navigate_bt/RequestName.cpp:65:12:[m[K [01;31m[Kerror: [m[Kexpected constructor, destructor, or type conversion before â€˜[01m[K([m[Kâ€™ token
   65 |   setOutput[01;31m[K([m[K"nameID",name_);
      |            [01;31m[K^[m[K
[01m[K/home/sergiorobsar/new_workspace/src/pruebaNav/navigate_bt/src/navigate_bt/RequestName.cpp:67:3:[m[K [01;31m[Kerror: [m[Kâ€˜[01m[Kname_[m[Kâ€™ does not name a type
   67 |   [01;31m[Kname_[m[K="";
      |   [01;31m[K^~~~~[m[K
[01m[K/home/sergiorobsar/new_workspace/src/pruebaNav/navigate_bt/src/navigate_bt/RequestName.cpp:68:3:[m[K [01;31m[Kerror: [m[Kâ€˜[01m[Klistening_[m[Kâ€™ does not name a type
   68 |   [01;31m[Klistening_[m[K = false;
      |   [01;31m[K^~~~~~~~~~[m[K
[01m[K/home/sergiorobsar/new_workspace/src/pruebaNav/navigate_bt/src/navigate_bt/RequestName.cpp:70:3:[m[K [01;31m[Kerror: [m[Kexpected unqualified-id before â€˜[01m[Kreturn[m[Kâ€™
   70 |   [01;31m[Kreturn[m[K BT::NodeStatus::SUCCESS;
      |   [01;31m[K^~~~~~[m[K
[01m[K/home/sergiorobsar/new_workspace/src/pruebaNav/navigate_bt/src/navigate_bt/RequestName.cpp:72:1:[m[K [01;31m[Kerror: [m[Kexpected unqualified-id before â€˜[01m[K)[m[Kâ€™ token
   72 | [01;31m[K)[m[K
      | [01;31m[K^[m[K
gmake[2]: *** [CMakeFiles/request_name.dir/build.make:76: CMakeFiles/request_name.dir/src/navigate_bt/RequestName.cpp.o] Error 1
gmake[1]: *** [CMakeFiles/Makefile2:139: CMakeFiles/request_name.dir/all] Error 2
gmake: *** [Makefile:146: all] Error 2
